# JRE version: OpenJDK Runtime Environment Temurin-21.0.8+9 (21.0.8+9) (build 21.0.8+9-LTS)
# Java VM: OpenJDK 64-Bit Server VM Temurin-21.0.8+9 (21.0.8+9-LTS, mixed mode, emulated-client, sharing, tiered, compressed oops, compressed class ptrs, g1 gc, windows-amd64)
GC Precious Log:
 CardTable entry size: 512
 Card Set container configuration: InlinePtr #cards 5 size 8 Array Of Cards #cards 12 size 40 Howl #buckets 4 coarsen threshold 1843 Howl Bitmap #cards 512 size 80 coarsen threshold 460 Card regions per heap region 1 cards per card region 2048
 CPUs: 4 total, 4 available
 Memory: 7914M
 Large Page Support: Disabled
 NUMA Support: Disabled
 Compressed Oops: Enabled (32-bit)
 Heap Region Size: 1M
 Heap Min Capacity: 8M
 Heap Initial Capacity: 124M
 Heap Max Capacity: 1980M
 Pre-touch: Disabled
 Parallel Workers: 4
 Concurrent Workers: 1
 Concurrent Refinement Workers: 4
 Periodic GC: Disabled
Heap:
 garbage-first heap   total 79872K, used 56214K [0x0000000084400000, 0x0000000100000000)
  region size 1024K, 29 young (29696K), 6 survivors (6144K)
 Metaspace       used 72423K, committed 73152K, reserved 1114112K
  class space    used 10535K, committed 10880K, reserved 1048576K
GC Heap History (20 events):
Event: 2.073 GC heap before
{Heap before GC invocations=5 (full 0):
 garbage-first heap   total 55296K, used 40412K [0x0000000084400000, 0x0000000100000000)
  region size 1024K, 32 young (32768K), 8 survivors (8192K)
 Metaspace       used 23536K, committed 24000K, reserved 1114112K
  class space    used 3318K, committed 3520K, reserved 1048576K
}
Event: 2.083 GC heap after
{Heap after GC invocations=6 (full 0):
 garbage-first heap   total 66560K, used 18116K [0x0000000084400000, 0x0000000100000000)
  region size 1024K, 3 young (3072K), 3 survivors (3072K)
 Metaspace       used 23536K, committed 24000K, reserved 1114112K
  class space    used 3318K, committed 3520K, reserved 1048576K
}
Event: 2.786 GC heap before
{Heap before GC invocations=6 (full 0):
 garbage-first heap   total 66560K, used 51908K [0x0000000084400000, 0x0000000100000000)
  region size 1024K, 36 young (36864K), 3 survivors (3072K)
 Metaspace       used 29729K, committed 30336K, reserved 1114112K
  class space    used 4167K, committed 4416K, reserved 1048576K
}
Event: 2.797 GC heap after
{Heap after GC invocations=7 (full 0):
 garbage-first heap   total 66560K, used 20992K [0x0000000084400000, 0x0000000100000000)
  region size 1024K, 5 young (5120K), 5 survivors (5120K)
 Metaspace       used 29729K, committed 30336K, reserved 1114112K
  class space    used 4167K, committed 4416K, reserved 1048576K
}
Event: 3.086 GC heap before
{Heap before GC invocations=7 (full 0):
 garbage-first heap   total 66560K, used 39424K [0x0000000084400000, 0x0000000100000000)
  region size 1024K, 24 young (24576K), 5 survivors (5120K)
 Metaspace       used 33989K, committed 34496K, reserved 1114112K
  class space    used 4859K, committed 5120K, reserved 1048576K
}
Event: 3.095 GC heap after
{Heap after GC invocations=8 (full 0):
 garbage-first heap   total 66560K, used 22162K [0x0000000084400000, 0x0000000100000000)
  region size 1024K, 1 young (1024K), 1 survivors (1024K)
 Metaspace       used 33989K, committed 34496K, reserved 1114112K
  class space    used 4859K, committed 5120K, reserved 1048576K
}
Event: 4.158 GC heap before
{Heap before GC invocations=9 (full 0):
 garbage-first heap   total 66560K, used 55954K [0x0000000084400000, 0x0000000100000000)
  region size 1024K, 34 young (34816K), 1 survivors (1024K)
 Metaspace       used 42203K, committed 42752K, reserved 1114112K
  class space    used 5989K, committed 6208K, reserved 1048576K
}
Event: 4.162 GC heap after
{Heap after GC invocations=10 (full 0):
 garbage-first heap   total 66560K, used 25066K [0x0000000084400000, 0x0000000100000000)
  region size 1024K, 4 young (4096K), 4 survivors (4096K)
 Metaspace       used 42203K, committed 42752K, reserved 1114112K
  class space    used 5989K, committed 6208K, reserved 1048576K
}
Event: 4.612 GC heap before
{Heap before GC invocations=10 (full 0):
 garbage-first heap   total 66560K, used 55786K [0x0000000084400000, 0x0000000100000000)
  region size 1024K, 35 young (35840K), 4 survivors (4096K)
 Metaspace       used 50319K, committed 50944K, reserved 1114112K
  class space    used 7225K, committed 7488K, reserved 1048576K
}
Event: 4.620 GC heap after
{Heap after GC invocations=11 (full 0):
 garbage-first heap   total 66560K, used 25792K [0x0000000084400000, 0x0000000100000000)
  region size 1024K, 2 young (2048K), 2 survivors (2048K)
 Metaspace       used 50319K, committed 50944K, reserved 1114112K
  class space    used 7225K, committed 7488K, reserved 1048576K
}
Event: 5.301 GC heap before
{Heap before GC invocations=11 (full 0):
 garbage-first heap   total 66560K, used 57536K [0x0000000084400000, 0x0000000100000000)
  region size 1024K, 33 young (33792K), 2 survivors (2048K)
 Metaspace       used 56095K, committed 56704K, reserved 1114112K
  class space    used 8072K, committed 8320K, reserved 1048576K
}
Event: 5.307 GC heap after
{Heap after GC invocations=12 (full 0):
 garbage-first heap   total 66560K, used 27104K [0x0000000084400000, 0x0000000100000000)
  region size 1024K, 3 young (3072K), 3 survivors (3072K)
 Metaspace       used 56095K, committed 56704K, reserved 1114112K
  class space    used 8072K, committed 8320K, reserved 1048576K
}
Event: 5.384 GC heap before
{Heap before GC invocations=12 (full 0):
 garbage-first heap   total 66560K, used 31200K [0x0000000084400000, 0x0000000100000000)
  region size 1024K, 8 young (8192K), 3 survivors (3072K)
 Metaspace       used 57247K, committed 57856K, reserved 1114112K
  class space    used 8219K, committed 8512K, reserved 1048576K
}
Event: 5.389 GC heap after
{Heap after GC invocations=13 (full 0):
 garbage-first heap   total 66560K, used 27648K [0x0000000084400000, 0x0000000100000000)
  region size 1024K, 2 young (2048K), 2 survivors (2048K)
 Metaspace       used 57247K, committed 57856K, reserved 1114112K
  class space    used 8219K, committed 8512K, reserved 1048576K
}
Event: 5.769 GC heap before
{Heap before GC invocations=14 (full 0):
 garbage-first heap   total 66560K, used 58368K [0x0000000084400000, 0x0000000100000000)
  region size 1024K, 32 young (32768K), 2 survivors (2048K)
 Metaspace       used 59507K, committed 60224K, reserved 1114112K
  class space    used 8615K, committed 8960K, reserved 1048576K
}
Event: 5.774 GC heap after
{Heap after GC invocations=15 (full 0):
 garbage-first heap   total 66560K, used 29565K [0x0000000084400000, 0x0000000100000000)
  region size 1024K, 4 young (4096K), 4 survivors (4096K)
 Metaspace       used 59507K, committed 60224K, reserved 1114112K
  class space    used 8615K, committed 8960K, reserved 1048576K
}
Event: 6.110 GC heap before
{Heap before GC invocations=15 (full 0):
 garbage-first heap   total 66560K, used 58237K [0x0000000084400000, 0x0000000100000000)
  region size 1024K, 32 young (32768K), 4 survivors (4096K)
 Metaspace       used 62040K, committed 62784K, reserved 1114112K
  class space    used 9003K, committed 9344K, reserved 1048576K
}
Event: 6.117 GC heap after
{Heap after GC invocations=16 (full 0):
 garbage-first heap   total 79872K, used 31124K [0x0000000084400000, 0x0000000100000000)
  region size 1024K, 4 young (4096K), 4 survivors (4096K)
 Metaspace       used 62040K, committed 62784K, reserved 1114112K
  class space    used 9003K, committed 9344K, reserved 1048576K
}
Event: 6.707 GC heap before
{Heap before GC invocations=16 (full 0):
 garbage-first heap   total 79872K, used 69012K [0x0000000084400000, 0x0000000100000000)
  region size 1024K, 42 young (43008K), 4 survivors (4096K)
 Metaspace       used 67616K, committed 68416K, reserved 1114112K
  class space    used 9844K, committed 10176K, reserved 1048576K
}
Event: 6.714 GC heap after
{Heap after GC invocations=17 (full 0):
 garbage-first heap   total 79872K, used 34710K [0x0000000084400000, 0x0000000100000000)
  region size 1024K, 6 young (6144K), 6 survivors (6144K)
 Metaspace       used 67616K, committed 68416K, reserved 1114112K
  class space    used 9844K, committed 10176K, reserved 1048576K
}

