# JRE version: OpenJDK Runtime Environment Temurin-21.0.8+9 (21.0.8+9) (build 21.0.8+9-LTS)
# Java VM: OpenJDK 64-Bit Server VM Temurin-21.0.8+9 (21.0.8+9-LTS, mixed mode, emulated-client, sharing, tiered, compressed oops, compressed class ptrs, g1 gc, windows-amd64)
GC Precious Log:
 CardTable entry size: 512
 Card Set container configuration: InlinePtr #cards 5 size 8 Array Of Cards #cards 12 size 40 Howl #buckets 4 coarsen threshold 1843 Howl Bitmap #cards 512 size 80 coarsen threshold 460 Card regions per heap region 1 cards per card region 2048
 CPUs: 4 total, 4 available
 Memory: 7914M
 Large Page Support: Disabled
 NUMA Support: Disabled
 Compressed Oops: Enabled (32-bit)
 Heap Region Size: 1M
 Heap Min Capacity: 8M
 Heap Initial Capacity: 124M
 Heap Max Capacity: 1980M
 Pre-touch: Disabled
 Parallel Workers: 4
 Concurrent Workers: 1
 Concurrent Refinement Workers: 4
 Periodic GC: Disabled
Heap:
 garbage-first heap   total 66560K, used 41954K [0x0000000084400000, 0x0000000100000000)
  region size 1024K, 11 young (11264K), 4 survivors (4096K)
 Metaspace       used 72972K, committed 73728K, reserved 1114112K
  class space    used 10499K, committed 10816K, reserved 1048576K
GC Heap History (20 events):
Event: 5.246 GC heap before
{Heap before GC invocations=7 (full 0):
 garbage-first heap   total 55296K, used 44163K [0x0000000084400000, 0x0000000100000000)
  region size 1024K, 27 young (27648K), 3 survivors (3072K)
 Metaspace       used 33239K, committed 33728K, reserved 1114112K
  class space    used 4707K, committed 4928K, reserved 1048576K
}
Event: 5.252 GC heap after
{Heap after GC invocations=8 (full 0):
 garbage-first heap   total 55296K, used 21913K [0x0000000084400000, 0x0000000100000000)
  region size 1024K, 2 young (2048K), 2 survivors (2048K)
 Metaspace       used 33239K, committed 33728K, reserved 1114112K
  class space    used 4707K, committed 4928K, reserved 1048576K
}
Event: 5.283 GC heap before
{Heap before GC invocations=8 (full 0):
 garbage-first heap   total 55296K, used 23961K [0x0000000084400000, 0x0000000100000000)
  region size 1024K, 5 young (5120K), 2 survivors (2048K)
 Metaspace       used 33739K, committed 34240K, reserved 1114112K
  class space    used 4802K, committed 5056K, reserved 1048576K
}
Event: 5.286 GC heap after
{Heap after GC invocations=9 (full 0):
 garbage-first heap   total 66560K, used 21899K [0x0000000084400000, 0x0000000100000000)
  region size 1024K, 2 young (2048K), 2 survivors (2048K)
 Metaspace       used 33739K, committed 34240K, reserved 1114112K
  class space    used 4802K, committed 5056K, reserved 1048576K
}
Event: 7.116 GC heap before
{Heap before GC invocations=10 (full 0):
 garbage-first heap   total 66560K, used 55691K [0x0000000084400000, 0x0000000100000000)
  region size 1024K, 36 young (36864K), 2 survivors (2048K)
 Metaspace       used 42122K, committed 42688K, reserved 1114112K
  class space    used 5980K, committed 6208K, reserved 1048576K
}
Event: 7.124 GC heap after
{Heap after GC invocations=11 (full 0):
 garbage-first heap   total 66560K, used 25059K [0x0000000084400000, 0x0000000100000000)
  region size 1024K, 5 young (5120K), 5 survivors (5120K)
 Metaspace       used 42122K, committed 42688K, reserved 1114112K
  class space    used 5980K, committed 6208K, reserved 1048576K
}
Event: 7.964 GC heap before
{Heap before GC invocations=11 (full 0):
 garbage-first heap   total 66560K, used 56803K [0x0000000084400000, 0x0000000100000000)
  region size 1024K, 36 young (36864K), 5 survivors (5120K)
 Metaspace       used 50291K, committed 50880K, reserved 1114112K
  class space    used 7221K, committed 7424K, reserved 1048576K
}
Event: 7.974 GC heap after
{Heap after GC invocations=12 (full 0):
 garbage-first heap   total 66560K, used 26183K [0x0000000084400000, 0x0000000100000000)
  region size 1024K, 2 young (2048K), 2 survivors (2048K)
 Metaspace       used 50291K, committed 50880K, reserved 1114112K
  class space    used 7221K, committed 7424K, reserved 1048576K
}
Event: 8.925 GC heap before
{Heap before GC invocations=12 (full 0):
 garbage-first heap   total 66560K, used 57927K [0x0000000084400000, 0x0000000100000000)
  region size 1024K, 33 young (33792K), 2 survivors (2048K)
 Metaspace       used 56481K, committed 57088K, reserved 1114112K
  class space    used 8105K, committed 8384K, reserved 1048576K
}
Event: 8.930 GC heap after
{Heap after GC invocations=13 (full 0):
 garbage-first heap   total 66560K, used 27344K [0x0000000084400000, 0x0000000100000000)
  region size 1024K, 3 young (3072K), 3 survivors (3072K)
 Metaspace       used 56481K, committed 57088K, reserved 1114112K
  class space    used 8105K, committed 8384K, reserved 1048576K
}
Event: 8.970 GC heap before
{Heap before GC invocations=13 (full 0):
 garbage-first heap   total 66560K, used 29392K [0x0000000084400000, 0x0000000100000000)
  region size 1024K, 6 young (6144K), 3 survivors (3072K)
 Metaspace       used 57004K, committed 57600K, reserved 1114112K
  class space    used 8166K, committed 8448K, reserved 1048576K
}
Event: 8.976 GC heap after
{Heap after GC invocations=14 (full 0):
 garbage-first heap   total 66560K, used 27893K [0x0000000084400000, 0x0000000100000000)
  region size 1024K, 3 young (3072K), 3 survivors (3072K)
 Metaspace       used 57004K, committed 57600K, reserved 1114112K
  class space    used 8166K, committed 8448K, reserved 1048576K
}
Event: 9.757 GC heap before
{Heap before GC invocations=15 (full 0):
 garbage-first heap   total 66560K, used 58613K [0x0000000084400000, 0x0000000100000000)
  region size 1024K, 33 young (33792K), 3 survivors (3072K)
 Metaspace       used 59417K, committed 60096K, reserved 1114112K
  class space    used 8601K, committed 8896K, reserved 1048576K
}
Event: 9.761 GC heap after
{Heap after GC invocations=16 (full 0):
 garbage-first heap   total 66560K, used 29793K [0x0000000084400000, 0x0000000100000000)
  region size 1024K, 5 young (5120K), 5 survivors (5120K)
 Metaspace       used 59417K, committed 60096K, reserved 1114112K
  class space    used 8601K, committed 8896K, reserved 1048576K
}
Event: 10.308 GC heap before
{Heap before GC invocations=16 (full 0):
 garbage-first heap   total 66560K, used 56417K [0x0000000084400000, 0x0000000100000000)
  region size 1024K, 31 young (31744K), 5 survivors (5120K)
 Metaspace       used 61545K, committed 62208K, reserved 1114112K
  class space    used 8945K, committed 9216K, reserved 1048576K
}
Event: 10.314 GC heap after
{Heap after GC invocations=17 (full 0):
 garbage-first heap   total 66560K, used 31575K [0x0000000084400000, 0x0000000100000000)
  region size 1024K, 3 young (3072K), 3 survivors (3072K)
 Metaspace       used 61545K, committed 62208K, reserved 1114112K
  class space    used 8945K, committed 9216K, reserved 1048576K
}
Event: 12.962 GC heap before
{Heap before GC invocations=17 (full 0):
 garbage-first heap   total 66560K, used 58199K [0x0000000084400000, 0x0000000100000000)
  region size 1024K, 29 young (29696K), 3 survivors (3072K)
 Metaspace       used 67443K, committed 68096K, reserved 1114112K
  class space    used 9763K, committed 10048K, reserved 1048576K
}
Event: 12.969 GC heap after
{Heap after GC invocations=18 (full 0):
 garbage-first heap   total 66560K, used 33603K [0x0000000084400000, 0x0000000100000000)
  region size 1024K, 4 young (4096K), 4 survivors (4096K)
 Metaspace       used 67443K, committed 68096K, reserved 1114112K
  class space    used 9763K, committed 10048K, reserved 1048576K
}
Event: 14.725 GC heap before
{Heap before GC invocations=18 (full 0):
 garbage-first heap   total 66560K, used 57155K [0x0000000084400000, 0x0000000100000000)
  region size 1024K, 28 young (28672K), 4 survivors (4096K)
 Metaspace       used 72151K, committed 72960K, reserved 1114112K
  class space    used 10376K, committed 10752K, reserved 1048576K
}
Event: 14.731 GC heap after
{Heap after GC invocations=19 (full 0):
 garbage-first heap   total 66560K, used 36834K [0x0000000084400000, 0x0000000100000000)
  region size 1024K, 4 young (4096K), 4 survivors (4096K)
 Metaspace       used 72151K, committed 72960K, reserved 1114112K
  class space    used 10376K, committed 10752K, reserved 1048576K
}

