# JRE version: OpenJDK Runtime Environment Temurin-21.0.8+9 (21.0.8+9) (build 21.0.8+9-LTS)
# Java VM: OpenJDK 64-Bit Server VM Temurin-21.0.8+9 (21.0.8+9-LTS, mixed mode, sharing, tiered, compressed oops, compressed class ptrs, parallel gc, windows-amd64)
GC Precious Log:
 CardTable entry size: 512
 CPUs: 4 total, 4 available
 Memory: 7914M
 Large Page Support: Disabled
 NUMA Support: Disabled
 Compressed Oops: Enabled (32-bit)
 Alignments: Space 512K, Generation 512K, Heap 2M
 Heap Min Capacity: 100M
 Heap Initial Capacity: 100M
 Heap Max Capacity: 2G
 Pre-touch: Disabled
 Parallel Workers: 4
Heap:
 PSYoungGen      total 8192K, used 1841K [0x00000000d5580000, 0x00000000d6080000, 0x0000000100000000)
  eden space 7168K, 11% used [0x00000000d5580000,0x00000000d5653308,0x00000000d5c80000)
  from space 1024K, 97% used [0x00000000d5d00000,0x00000000d5df9250,0x00000000d5e00000)
  to   space 2048K, 0% used [0x00000000d5e80000,0x00000000d5e80000,0x00000000d6080000)
 ParOldGen       total 289792K, used 289706K [0x0000000080000000, 0x0000000091b00000, 0x00000000d5580000)
  object space 289792K, 99% used [0x0000000080000000,0x0000000091aeabb0,0x0000000091b00000)
 Metaspace       used 86130K, committed 88064K, reserved 1179648K
  class space    used 8774K, committed 9664K, reserved 1048576K
GC Heap History (20 events):
Event: 1510.883 GC heap before
{Heap before GC invocations=610 (full 4):
 PSYoungGen      total 7680K, used 7354K [0x00000000d5580000, 0x00000000d5f80000, 0x0000000100000000)
  eden space 7168K, 100% used [0x00000000d5580000,0x00000000d5c80000,0x00000000d5c80000)
  from space 512K, 36% used [0x00000000d5e80000,0x00000000d5eae900,0x00000000d5f00000)
  to   space 512K, 0% used [0x00000000d5f00000,0x00000000d5f00000,0x00000000d5f80000)
 ParOldGen       total 286720K, used 286418K [0x0000000080000000, 0x0000000091800000, 0x00000000d5580000)
  object space 286720K, 99% used [0x0000000080000000,0x00000000917b4a40,0x0000000091800000)
 Metaspace       used 86080K, committed 88000K, reserved 1179648K
  class space    used 8772K, committed 9664K, reserved 1048576K
}
Event: 1510.884 GC heap after
{Heap after GC invocations=610 (full 4):
 PSYoungGen      total 7680K, used 500K [0x00000000d5580000, 0x00000000d5f80000, 0x0000000100000000)
  eden space 7168K, 0% used [0x00000000d5580000,0x00000000d5580000,0x00000000d5c80000)
  from space 512K, 97% used [0x00000000d5f00000,0x00000000d5f7d200,0x00000000d5f80000)
  to   space 1024K, 0% used [0x00000000d5d80000,0x00000000d5d80000,0x00000000d5e80000)
 ParOldGen       total 286720K, used 286482K [0x0000000080000000, 0x0000000091800000, 0x00000000d5580000)
  object space 286720K, 99% used [0x0000000080000000,0x00000000917c4a60,0x0000000091800000)
 Metaspace       used 86080K, committed 88000K, reserved 1179648K
  class space    used 8772K, committed 9664K, reserved 1048576K
}
Event: 1516.118 GC heap before
{Heap before GC invocations=611 (full 4):
 PSYoungGen      total 7680K, used 7668K [0x00000000d5580000, 0x00000000d5f80000, 0x0000000100000000)
  eden space 7168K, 100% used [0x00000000d5580000,0x00000000d5c80000,0x00000000d5c80000)
  from space 512K, 97% used [0x00000000d5f00000,0x00000000d5f7d200,0x00000000d5f80000)
  to   space 1024K, 0% used [0x00000000d5d80000,0x00000000d5d80000,0x00000000d5e80000)
 ParOldGen       total 286720K, used 286482K [0x0000000080000000, 0x0000000091800000, 0x00000000d5580000)
  object space 286720K, 99% used [0x0000000080000000,0x00000000917c4a60,0x0000000091800000)
 Metaspace       used 86081K, committed 88000K, reserved 1179648K
  class space    used 8772K, committed 9664K, reserved 1048576K
}
Event: 1516.120 GC heap after
{Heap after GC invocations=611 (full 4):
 PSYoungGen      total 8192K, used 564K [0x00000000d5580000, 0x00000000d5f80000, 0x0000000100000000)
  eden space 7168K, 0% used [0x00000000d5580000,0x00000000d5580000,0x00000000d5c80000)
  from space 1024K, 55% used [0x00000000d5d80000,0x00000000d5e0d200,0x00000000d5e80000)
  to   space 1024K, 0% used [0x00000000d5e80000,0x00000000d5e80000,0x00000000d5f80000)
 ParOldGen       total 287232K, used 286941K [0x0000000080000000, 0x0000000091880000, 0x00000000d5580000)
  object space 287232K, 99% used [0x0000000080000000,0x0000000091837470,0x0000000091880000)
 Metaspace       used 86081K, committed 88000K, reserved 1179648K
  class space    used 8772K, committed 9664K, reserved 1048576K
}
Event: 1516.135 GC heap before
{Heap before GC invocations=612 (full 4):
 PSYoungGen      total 8192K, used 7732K [0x00000000d5580000, 0x00000000d5f80000, 0x0000000100000000)
  eden space 7168K, 100% used [0x00000000d5580000,0x00000000d5c80000,0x00000000d5c80000)
  from space 1024K, 55% used [0x00000000d5d80000,0x00000000d5e0d200,0x00000000d5e80000)
  to   space 1024K, 0% used [0x00000000d5e80000,0x00000000d5e80000,0x00000000d5f80000)
 ParOldGen       total 287232K, used 286941K [0x0000000080000000, 0x0000000091880000, 0x00000000d5580000)
  object space 287232K, 99% used [0x0000000080000000,0x0000000091837470,0x0000000091880000)
 Metaspace       used 86081K, committed 88000K, reserved 1179648K
  class space    used 8772K, committed 9664K, reserved 1048576K
}
Event: 1516.136 GC heap after
{Heap after GC invocations=612 (full 4):
 PSYoungGen      total 8192K, used 628K [0x00000000d5580000, 0x00000000d5f80000, 0x0000000100000000)
  eden space 7168K, 0% used [0x00000000d5580000,0x00000000d5580000,0x00000000d5c80000)
  from space 1024K, 61% used [0x00000000d5e80000,0x00000000d5f1d200,0x00000000d5f80000)
  to   space 1024K, 0% used [0x00000000d5d80000,0x00000000d5d80000,0x00000000d5e80000)
 ParOldGen       total 287232K, used 287173K [0x0000000080000000, 0x0000000091880000, 0x00000000d5580000)
  object space 287232K, 99% used [0x0000000080000000,0x0000000091871490,0x0000000091880000)
 Metaspace       used 86081K, committed 88000K, reserved 1179648K
  class space    used 8772K, committed 9664K, reserved 1048576K
}
Event: 1518.907 GC heap before
{Heap before GC invocations=613 (full 4):
 PSYoungGen      total 8192K, used 7796K [0x00000000d5580000, 0x00000000d5f80000, 0x0000000100000000)
  eden space 7168K, 100% used [0x00000000d5580000,0x00000000d5c80000,0x00000000d5c80000)
  from space 1024K, 61% used [0x00000000d5e80000,0x00000000d5f1d200,0x00000000d5f80000)
  to   space 1024K, 0% used [0x00000000d5d80000,0x00000000d5d80000,0x00000000d5e80000)
 ParOldGen       total 287232K, used 287173K [0x0000000080000000, 0x0000000091880000, 0x00000000d5580000)
  object space 287232K, 99% used [0x0000000080000000,0x0000000091871490,0x0000000091880000)
 Metaspace       used 86083K, committed 88000K, reserved 1179648K
  class space    used 8772K, committed 9664K, reserved 1048576K
}
Event: 1518.910 GC heap after
{Heap after GC invocations=613 (full 4):
 PSYoungGen      total 7680K, used 468K [0x00000000d5580000, 0x00000000d5f00000, 0x0000000100000000)
  eden space 7168K, 0% used [0x00000000d5580000,0x00000000d5580000,0x00000000d5c80000)
  from space 512K, 91% used [0x00000000d5d80000,0x00000000d5df5200,0x00000000d5e00000)
  to   space 1024K, 0% used [0x00000000d5e00000,0x00000000d5e00000,0x00000000d5f00000)
 ParOldGen       total 287232K, used 287181K [0x0000000080000000, 0x0000000091880000, 0x00000000d5580000)
  object space 287232K, 99% used [0x0000000080000000,0x0000000091873490,0x0000000091880000)
 Metaspace       used 86083K, committed 88000K, reserved 1179648K
  class space    used 8772K, committed 9664K, reserved 1048576K
}
Event: 1518.943 GC heap before
{Heap before GC invocations=614 (full 4):
 PSYoungGen      total 7680K, used 7636K [0x00000000d5580000, 0x00000000d5f00000, 0x0000000100000000)
  eden space 7168K, 100% used [0x00000000d5580000,0x00000000d5c80000,0x00000000d5c80000)
  from space 512K, 91% used [0x00000000d5d80000,0x00000000d5df5200,0x00000000d5e00000)
  to   space 1024K, 0% used [0x00000000d5e00000,0x00000000d5e00000,0x00000000d5f00000)
 ParOldGen       total 287232K, used 287181K [0x0000000080000000, 0x0000000091880000, 0x00000000d5580000)
  object space 287232K, 99% used [0x0000000080000000,0x0000000091873490,0x0000000091880000)
 Metaspace       used 86086K, committed 88000K, reserved 1179648K
  class space    used 8772K, committed 9664K, reserved 1048576K
}
Event: 1518.945 GC heap after
{Heap after GC invocations=614 (full 4):
 PSYoungGen      total 7680K, used 224K [0x00000000d5580000, 0x00000000d5e80000, 0x0000000100000000)
  eden space 7168K, 0% used [0x00000000d5580000,0x00000000d5580000,0x00000000d5c80000)
  from space 512K, 43% used [0x00000000d5e00000,0x00000000d5e38000,0x00000000d5e80000)
  to   space 512K, 0% used [0x00000000d5d80000,0x00000000d5d80000,0x00000000d5e00000)
 ParOldGen       total 287232K, used 287181K [0x0000000080000000, 0x0000000091880000, 0x00000000d5580000)
  object space 287232K, 99% used [0x0000000080000000,0x0000000091873490,0x0000000091880000)
 Metaspace       used 86086K, committed 88000K, reserved 1179648K
  class space    used 8772K, committed 9664K, reserved 1048576K
}
Event: 1519.279 GC heap before
{Heap before GC invocations=615 (full 4):
 PSYoungGen      total 7680K, used 7392K [0x00000000d5580000, 0x00000000d5e80000, 0x0000000100000000)
  eden space 7168K, 100% used [0x00000000d5580000,0x00000000d5c80000,0x00000000d5c80000)
  from space 512K, 43% used [0x00000000d5e00000,0x00000000d5e38000,0x00000000d5e80000)
  to   space 512K, 0% used [0x00000000d5d80000,0x00000000d5d80000,0x00000000d5e00000)
 ParOldGen       total 287232K, used 287181K [0x0000000080000000, 0x0000000091880000, 0x00000000d5580000)
  object space 287232K, 99% used [0x0000000080000000,0x0000000091873490,0x0000000091880000)
 Metaspace       used 86086K, committed 88000K, reserved 1179648K
  class space    used 8772K, committed 9664K, reserved 1048576K
}
Event: 1519.282 GC heap after
{Heap after GC invocations=615 (full 4):
 PSYoungGen      total 7680K, used 500K [0x00000000d5580000, 0x00000000d5e80000, 0x0000000100000000)
  eden space 7168K, 0% used [0x00000000d5580000,0x00000000d5580000,0x00000000d5c80000)
  from space 512K, 97% used [0x00000000d5d80000,0x00000000d5dfd200,0x00000000d5e00000)
  to   space 512K, 0% used [0x00000000d5e00000,0x00000000d5e00000,0x00000000d5e80000)
 ParOldGen       total 287232K, used 287205K [0x0000000080000000, 0x0000000091880000, 0x00000000d5580000)
  object space 287232K, 99% used [0x0000000080000000,0x0000000091879490,0x0000000091880000)
 Metaspace       used 86086K, committed 88000K, reserved 1179648K
  class space    used 8772K, committed 9664K, reserved 1048576K
}
Event: 1519.312 GC heap before
{Heap before GC invocations=616 (full 4):
 PSYoungGen      total 7680K, used 7668K [0x00000000d5580000, 0x00000000d5e80000, 0x0000000100000000)
  eden space 7168K, 100% used [0x00000000d5580000,0x00000000d5c80000,0x00000000d5c80000)
  from space 512K, 97% used [0x00000000d5d80000,0x00000000d5dfd200,0x00000000d5e00000)
  to   space 512K, 0% used [0x00000000d5e00000,0x00000000d5e00000,0x00000000d5e80000)
 ParOldGen       total 287232K, used 287205K [0x0000000080000000, 0x0000000091880000, 0x00000000d5580000)
  object space 287232K, 99% used [0x0000000080000000,0x0000000091879490,0x0000000091880000)
 Metaspace       used 86094K, committed 88064K, reserved 1179648K
  class space    used 8772K, committed 9664K, reserved 1048576K
}
Event: 1519.314 GC heap after
{Heap after GC invocations=616 (full 4):
 PSYoungGen      total 7680K, used 442K [0x00000000d5580000, 0x00000000d5e80000, 0x0000000100000000)
  eden space 7168K, 0% used [0x00000000d5580000,0x00000000d5580000,0x00000000d5c80000)
  from space 512K, 86% used [0x00000000d5e00000,0x00000000d5e6e900,0x00000000d5e80000)
  to   space 512K, 0% used [0x00000000d5d80000,0x00000000d5d80000,0x00000000d5e00000)
 ParOldGen       total 287744K, used 287671K [0x0000000080000000, 0x0000000091900000, 0x00000000d5580000)
  object space 287744K, 99% used [0x0000000080000000,0x00000000918edea0,0x0000000091900000)
 Metaspace       used 86094K, committed 88064K, reserved 1179648K
  class space    used 8772K, committed 9664K, reserved 1048576K
}
Event: 1524.103 GC heap before
{Heap before GC invocations=617 (full 4):
 PSYoungGen      total 7680K, used 7610K [0x00000000d5580000, 0x00000000d5e80000, 0x0000000100000000)
  eden space 7168K, 100% used [0x00000000d5580000,0x00000000d5c80000,0x00000000d5c80000)
  from space 512K, 86% used [0x00000000d5e00000,0x00000000d5e6e900,0x00000000d5e80000)
  to   space 512K, 0% used [0x00000000d5d80000,0x00000000d5d80000,0x00000000d5e00000)
 ParOldGen       total 287744K, used 287671K [0x0000000080000000, 0x0000000091900000, 0x00000000d5580000)
  object space 287744K, 99% used [0x0000000080000000,0x00000000918edea0,0x0000000091900000)
 Metaspace       used 86098K, committed 88064K, reserved 1179648K
  class space    used 8772K, committed 9664K, reserved 1048576K
}
Event: 1524.108 GC heap after
{Heap after GC invocations=617 (full 4):
 PSYoungGen      total 7680K, used 500K [0x00000000d5580000, 0x00000000d6080000, 0x0000000100000000)
  eden space 7168K, 0% used [0x00000000d5580000,0x00000000d5580000,0x00000000d5c80000)
  from space 512K, 97% used [0x00000000d5d80000,0x00000000d5dfd200,0x00000000d5e00000)
  to   space 2048K, 0% used [0x00000000d5e80000,0x00000000d5e80000,0x00000000d6080000)
 ParOldGen       total 288768K, used 288752K [0x0000000080000000, 0x0000000091a00000, 0x00000000d5580000)
  object space 288768K, 99% used [0x0000000080000000,0x00000000919fc160,0x0000000091a00000)
 Metaspace       used 86098K, committed 88064K, reserved 1179648K
  class space    used 8772K, committed 9664K, reserved 1048576K
}
Event: 3509.850 GC heap before
{Heap before GC invocations=618 (full 4):
 PSYoungGen      total 7680K, used 7668K [0x00000000d5580000, 0x00000000d6080000, 0x0000000100000000)
  eden space 7168K, 100% used [0x00000000d5580000,0x00000000d5c80000,0x00000000d5c80000)
  from space 512K, 97% used [0x00000000d5d80000,0x00000000d5dfd200,0x00000000d5e00000)
  to   space 2048K, 0% used [0x00000000d5e80000,0x00000000d5e80000,0x00000000d6080000)
 ParOldGen       total 288768K, used 288752K [0x0000000080000000, 0x0000000091a00000, 0x00000000d5580000)
  object space 288768K, 99% used [0x0000000080000000,0x00000000919fc160,0x0000000091a00000)
 Metaspace       used 86118K, committed 88064K, reserved 1179648K
  class space    used 8774K, committed 9664K, reserved 1048576K
}
Event: 3510.117 GC heap after
{Heap after GC invocations=618 (full 4):
 PSYoungGen      total 7680K, used 224K [0x00000000d5580000, 0x00000000d5f00000, 0x0000000100000000)
  eden space 7168K, 0% used [0x00000000d5580000,0x00000000d5580000,0x00000000d5c80000)
  from space 512K, 43% used [0x00000000d5e80000,0x00000000d5eb8000,0x00000000d5f00000)
  to   space 1024K, 0% used [0x00000000d5d00000,0x00000000d5d00000,0x00000000d5e00000)
 ParOldGen       total 289280K, used 289260K [0x0000000080000000, 0x0000000091a80000, 0x00000000d5580000)
  object space 289280K, 99% used [0x0000000080000000,0x0000000091a7b360,0x0000000091a80000)
 Metaspace       used 86118K, committed 88064K, reserved 1179648K
  class space    used 8774K, committed 9664K, reserved 1048576K
}
Event: 3513.068 GC heap before
{Heap before GC invocations=619 (full 4):
 PSYoungGen      total 7680K, used 7392K [0x00000000d5580000, 0x00000000d5f00000, 0x0000000100000000)
  eden space 7168K, 100% used [0x00000000d5580000,0x00000000d5c80000,0x00000000d5c80000)
  from space 512K, 43% used [0x00000000d5e80000,0x00000000d5eb8000,0x00000000d5f00000)
  to   space 1024K, 0% used [0x00000000d5d00000,0x00000000d5d00000,0x00000000d5e00000)
 ParOldGen       total 289280K, used 289260K [0x0000000080000000, 0x0000000091a80000, 0x00000000d5580000)
  object space 289280K, 99% used [0x0000000080000000,0x0000000091a7b360,0x0000000091a80000)
 Metaspace       used 86128K, committed 88064K, reserved 1179648K
  class space    used 8774K, committed 9664K, reserved 1048576K
}
Event: 3513.075 GC heap after
{Heap after GC invocations=619 (full 4):
 PSYoungGen      total 8192K, used 996K [0x00000000d5580000, 0x00000000d6080000, 0x0000000100000000)
  eden space 7168K, 0% used [0x00000000d5580000,0x00000000d5580000,0x00000000d5c80000)
  from space 1024K, 97% used [0x00000000d5d00000,0x00000000d5df9250,0x00000000d5e00000)
  to   space 2048K, 0% used [0x00000000d5e80000,0x00000000d5e80000,0x00000000d6080000)
 ParOldGen       total 289792K, used 289706K [0x0000000080000000, 0x0000000091b00000, 0x00000000d5580000)
  object space 289792K, 99% used [0x0000000080000000,0x0000000091aeabb0,0x0000000091b00000)
 Metaspace       used 86128K, committed 88064K, reserved 1179648K
  class space    used 8774K, committed 9664K, reserved 1048576K
}

